2024-09-08 15:06:40,149 - stripe_api - INFO - Fetching customers for email: hori@revol.co.jp
2024-09-08 15:07:04,339 - stripe_api - INFO - Fetching subscriptions for customer: cus_PCvnk7s61noGQW
2024-09-08 15:07:04,596 - stripe_api - INFO - Fetching subscriptions for customer: cus_P7lDkSwv7EEKEX
2024-09-08 15:07:24,958 - stripe_api - INFO - Fetching invoices for customer: cus_PCvnk7s61noGQW
2024-09-08 15:07:25,619 - stripe_api - INFO - Fetching invoices for customer: cus_P7lDkSwv7EEKEX
2024-09-08 15:20:03,688 - stripe_api - INFO - Fetching subscriptions for customer: cus_PCvnk7s61noGQW
2024-09-08 15:20:06,086 - stripe_api - INFO - Fetching subscriptions for customer: cus_PCvnk7s61noGQW
2024-09-08 15:20:40,331 - stripe_api - INFO - Fetching payments for customer: cus_PCvnk7s61noGQW
2024-09-08 15:20:40,742 - stripe_api - INFO - Fetching payments for customer: cus_P7lDkSwv7EEKEX
2024-09-08 15:24:36,370 - stripe_api - INFO - Fetching customers for email:  info@crystal-hair.com
2024-09-08 15:25:33,314 - stripe_api - INFO - Fetching customers for email:  info@crystal-hair.co
2024-09-08 15:25:50,070 - stripe_api - INFO - Fetching customers for email: info@crystal-hair.com
2024-09-08 15:26:07,891 - stripe_api - INFO - Fetching subscriptions for customer: cus_QSBL0BGC3ec6fm
2024-09-08 15:26:08,180 - stripe_api - INFO - Fetching subscriptions for customer: cus_QSBImt5WGqJCJJ
2024-09-08 15:26:08,397 - stripe_api - INFO - Fetching subscriptions for customer: cus_QSBGVnmqBhjKv3
2024-09-08 15:26:08,612 - stripe_api - INFO - Fetching subscriptions for customer: cus_QSAVKEQQypR965
2024-09-08 15:26:08,832 - stripe_api - INFO - Fetching subscriptions for customer: cus_QSARJiQKctYoJL
2024-09-08 15:26:09,061 - stripe_api - INFO - Fetching subscriptions for customer: cus_QSAP748g5UwQiK
2024-09-08 15:26:09,280 - stripe_api - INFO - Fetching subscriptions for customer: cus_QSAM2tlWxoM255
2024-09-08 15:26:09,559 - stripe_api - INFO - Fetching subscriptions for customer: cus_QSAFa2gcixPXEB
2024-09-08 15:26:09,868 - stripe_api - INFO - Fetching subscriptions for customer: cus_QSADOhh108So5V
2024-09-08 15:26:10,076 - stripe_api - INFO - Fetching subscriptions for customer: cus_Q7DHfLO78oVDSy
2024-09-08 15:26:10,376 - stripe_api - INFO - Fetching subscriptions for customer: cus_Q7DFZTJn0wUhx0
2024-09-08 15:26:10,687 - stripe_api - INFO - Fetching subscriptions for customer: cus_Q7DEeXAW4peXt6
2024-09-08 15:26:10,991 - stripe_api - INFO - Fetching subscriptions for customer: cus_PboW6EOx4OogSo
2024-09-08 15:26:11,211 - stripe_api - INFO - Fetching subscriptions for customer: cus_PboRes3KvjnOeY
2024-09-08 15:59:16,616 - stripe_api - INFO - Fetching subscriptions for customer: cus_QSBL0BGC3ec6fm
2024-09-08 15:59:16,918 - stripe_api - INFO - Fetching subscriptions for customer: cus_QSBImt5WGqJCJJ
2024-09-08 15:59:17,137 - stripe_api - INFO - Fetching subscriptions for customer: cus_QSBGVnmqBhjKv3
2024-09-08 15:59:17,373 - stripe_api - INFO - Fetching subscriptions for customer: cus_QSAVKEQQypR965
2024-09-08 15:59:17,587 - stripe_api - INFO - Fetching subscriptions for customer: cus_QSARJiQKctYoJL
2024-09-08 15:59:17,827 - stripe_api - INFO - Fetching subscriptions for customer: cus_QSAP748g5UwQiK
2024-09-08 15:59:18,099 - stripe_api - INFO - Fetching subscriptions for customer: cus_QSAM2tlWxoM255
2024-09-08 15:59:18,332 - stripe_api - INFO - Fetching subscriptions for customer: cus_QSAFa2gcixPXEB
2024-09-08 15:59:18,644 - stripe_api - INFO - Fetching subscriptions for customer: cus_QSADOhh108So5V
2024-09-08 15:59:18,845 - stripe_api - INFO - Fetching subscriptions for customer: cus_Q7DHfLO78oVDSy
2024-09-08 15:59:19,073 - stripe_api - INFO - Fetching subscriptions for customer: cus_Q7DFZTJn0wUhx0
2024-09-08 15:59:19,298 - stripe_api - INFO - Fetching subscriptions for customer: cus_Q7DEeXAW4peXt6
2024-09-08 15:59:19,518 - stripe_api - INFO - Fetching subscriptions for customer: cus_PboW6EOx4OogSo
2024-09-08 15:59:19,776 - stripe_api - INFO - Fetching subscriptions for customer: cus_PboRes3KvjnOeY
